<?xml version="1.0" encoding="UTF-8"?>
<testng-results ignored="0" total="1" passed="1" failed="0" skipped="0">
  <reporter-output>
  </reporter-output>
  <suite started-at="2024-09-03T15:11:50 IST" name="Default suite" finished-at="2024-09-03T15:12:27 IST" duration-ms="36907">
    <groups>
      <group name="cucumber">
        <method signature="AbstractTestNGCucumberTests.runScenario(io.cucumber.testng.PickleWrapper,io.cucumber.testng.FeatureWrapper)[pri:0, instance:GB_APP.TestRunner.Run@dc7df28]" name="runScenario" class="io.cucumber.testng.AbstractTestNGCucumberTests"/>
      </group> <!-- cucumber -->
    </groups>
    <test started-at="2024-09-03T15:11:50 IST" name="Default test" finished-at="2024-09-03T15:12:27 IST" duration-ms="36907">
      <class name="GB_APP.TestRunner.Run">
        <test-method is-config="true" signature="setUpClass(org.testng.ITestContext)[pri:0, instance:GB_APP.TestRunner.Run@dc7df28]" started-at="2024-09-03T15:11:50 IST" name="setUpClass" finished-at="2024-09-03T15:12:06 IST" duration-ms="16606" status="PASS">
          <params>
            <param index="0">
              <value>
                <![CDATA[org.testng.TestRunner@5a583720]]>
              </value>
            </param>
          </params>
          <reporter-output>
          </reporter-output>
        </test-method> <!-- setUpClass -->
        <test-method signature="runScenario(io.cucumber.testng.PickleWrapper,io.cucumber.testng.FeatureWrapper)[pri:0, instance:GB_APP.TestRunner.Run@dc7df28]" started-at="2024-09-03T15:12:06 IST" name="runScenario" description="Runs Cucumber Scenarios" data-provider="scenarios" finished-at="2024-09-03T15:12:25 IST" duration-ms="18796" status="PASS">
          <params>
            <param index="0">
              <value>
                <![CDATA["Successful Verify All Country"]]>
              </value>
            </param>
            <param index="1">
              <value>
                <![CDATA["AdminLogin"]]>
              </value>
            </param>
          </params>
          <reporter-output>
          </reporter-output>
        </test-method> <!-- runScenario -->
        <test-method is-config="true" signature="tearDownClass()[pri:0, instance:GB_APP.TestRunner.Run@dc7df28]" started-at="2024-09-03T15:12:25 IST" name="tearDownClass" finished-at="2024-09-03T15:12:27 IST" duration-ms="1456" status="PASS">
          <reporter-output>
          </reporter-output>
        </test-method> <!-- tearDownClass -->
      </class> <!-- GB_APP.TestRunner.Run -->
    </test> <!-- Default test -->
  </suite> <!-- Default suite -->
</testng-results>
